<?xml version="1.0" encoding="UTF-8"?>
<!-- Generated by org.testng.reporters.JUnitXMLReporter -->
<testsuite ignored="0" hostname="Nitish" failures="0" tests="3" name="Test" time="32.177" errors="0" timestamp="2022-03-12T11:08:19 IST">
  <testcase classname="testcases.LoginTest" name="LoginFailiureTest" time="7.932"/>
  <testcase classname="testcases.LoginTest" name="LoginSuccessTest" time="5.661"/>
  <testcase classname="testcases.LoginTest" name="ParameterizedTest" time="7.874"/>
</testsuite> <!-- Test -->
